\BOOKMARK [0][]{toc.0}{Contents}{}% 1
\BOOKMARK [0][]{chapter.2}{1 Simulations with TOM }{}% 2
\BOOKMARK [1][]{section.6}{1.1 Installing the Software}{chapter.2}% 3
\BOOKMARK [1][]{section.7}{1.2 Using TOM }{chapter.2}% 4
\BOOKMARK [2][]{subsection.8}{1.2.1 Running a simulation}{section.7}% 5
\BOOKMARK [2][]{subsection.15}{1.2.2 Display simulation information}{section.7}% 6
\BOOKMARK [2][]{subsection.17}{1.2.3 Visualization}{section.7}% 7
\BOOKMARK [2][]{subsection.21}{1.2.4 Additional tools}{section.7}% 8
\BOOKMARK [1][]{section.22}{1.3 Maintaining TOM }{chapter.2}% 9
\BOOKMARK [2][]{subsection.23}{1.3.1 General Structure}{section.22}% 10
\BOOKMARK [0][]{chapter.42}{2 MATLAB}{}% 11
\BOOKMARK [1][]{section.43}{2.1 Install}{chapter.42}% 12
\BOOKMARK [1][]{section.44}{2.2 User}{chapter.42}% 13
\BOOKMARK [1][]{section.45}{2.3 Maintainer}{chapter.42}% 14
\BOOKMARK [2][]{subsection.46}{2.3.1 Basic concepts}{section.45}% 15
\BOOKMARK [2][]{subsection.51}{2.3.2 GUI}{section.45}% 16
\BOOKMARK [2][]{subsection.52}{2.3.3 Simulation}{section.45}% 17
\BOOKMARK [2][]{subsection.57}{2.3.4 Database}{section.45}% 18
\BOOKMARK [2][]{subsection.65}{2.3.5 Plotting}{section.45}% 19
\BOOKMARK [0][]{appendix.68}{A Q \046 A}{}% 20
\BOOKMARK [0][]{section*.71}{Index}{}% 21
\BOOKMARK [0][]{section*.72}{References}{}% 22
\BOOKMARK [0][]{appendix*.73}{Declaration of Originality}{}% 23
