This is pdfTeX, Version 3.1415926-2.3-1.40.12 (MiKTeX 2.9) (preloaded format=latex 2011.10.10)  17 MAR 2013 23:20
entering extended mode
**Titlepage.tex

(C:\Users\matthias\Documents\ETH\ITET\Gruppenarbeit\Documentation\LaTeX\Misc\Ti
tlepage.tex
LaTeX2e <2011/06/27>
Babel <v3.8m> and hyphenation patterns for english, afrikaans, ancientgreek, ar
abic, armenian, assamese, basque, bengali, bokmal, bulgarian, catalan, coptic, 
croatian, czech, danish, dutch, esperanto, estonian, farsi, finnish, french, ga
lician, german, german-x-2009-06-19, greek, gujarati, hindi, hungarian, iceland
ic, indonesian, interlingua, irish, italian, kannada, kurmanji, lao, latin, lat
vian, lithuanian, malayalam, marathi, mongolian, mongolianlmc, monogreek, ngerm
an, ngerman-x-2009-06-19, nynorsk, oriya, panjabi, pinyin, polish, portuguese, 
romanian, russian, sanskrit, serbian, slovak, slovenian, spanish, swedish, swis
sgerman, tamil, telugu, turkish, turkmen, ukenglish, ukrainian, uppersorbian, u
senglishmax, welsh, loaded.

! LaTeX Error: Missing \begin{document}.

See the LaTeX manual or LaTeX Companion for explanation.
Type  H <return>  for immediate help.
 ...                                              
                                                  
l.21 \begin{tabular}
                    {lcr}
You're in trouble here.  Try typing  <return>  to proceed.
If that doesn't work, type  X <return>  to quit.

LaTeX Font Info:    External font `cmex10' loaded for size
(Font)              <7> on input line 21.
LaTeX Font Info:    External font `cmex10' loaded for size
(Font)              <5> on input line 21.
! Undefined control sequence.
l.22   \includegraphics
                       [scale=0.8]{Fig/eth_logo_black.eps} & % dein_unilogo....
The control sequence at the end of the top line
of your error message was never \def'ed. If you have
misspelled it (e.g., `\hobx'), type `I' and the correct
spelling (e.g., `I\hbox'). Otherwise just continue,
and I'll forget about whatever was undefined.

Missing character: There is no [ in font nullfont!
Missing character: There is no s in font nullfont!
Missing character: There is no c in font nullfont!
Missing character: There is no a in font nullfont!
Missing character: There is no l in font nullfont!
Missing character: There is no e in font nullfont!
Missing character: There is no = in font nullfont!
Missing character: There is no 0 in font nullfont!
Missing character: There is no . in font nullfont!
Missing character: There is no 8 in font nullfont!
Missing character: There is no ] in font nullfont!
Missing character: There is no F in font nullfont!
Missing character: There is no i in font nullfont!
Missing character: There is no g in font nullfont!
Missing character: There is no / in font nullfont!
Missing character: There is no e in font nullfont!
Missing character: There is no t in font nullfont!
Missing character: There is no h in font nullfont!
! Missing $ inserted.
<inserted text> 
                $
l.22   \includegraphics[scale=0.8]{Fig/eth_
                                           logo_black.eps} & % dein_unilogo....
I've inserted a begin-math/end-math symbol since I think
you left one out. Proceed, with fingers crossed.

! Extra }, or forgotten $.
l.22 ...raphics[scale=0.8]{Fig/eth_logo_black.eps}
                                                   & % dein_unilogo.jpg/.eps...
I've deleted a group-closing symbol because it seems to be
spurious, as in `$x}$'. But perhaps the } is legitimate and
you forgot something else, as in `\hbox{$x}'. In such cases
the way to recover is to insert both the forgotten and the
deleted material, e.g., by typing `I$}'.

! Missing } inserted.
<inserted text> 
                }
l.22 ...phics[scale=0.8]{Fig/eth_logo_black.eps} &
                                                   % dein_unilogo.jpg/.eps i...
I've put in what seems to be necessary to fix
the current column of the current alignment.
Try to go on, since this might almost work.

! Extra }, or forgotten $.
<inserted text> }
                 
l.22 ...phics[scale=0.8]{Fig/eth_logo_black.eps} &
                                                   % dein_unilogo.jpg/.eps i...
I've deleted a group-closing symbol because it seems to be
spurious, as in `$x}$'. But perhaps the } is legitimate and
you forgot something else, as in `\hbox{$x}'. In such cases
the way to recover is to insert both the forgotten and the
deleted material, e.g., by typing `I$}'.

! Missing } inserted.
<inserted text> 
                }
l.22 ...phics[scale=0.8]{Fig/eth_logo_black.eps} &
                                                   % dein_unilogo.jpg/.eps i...
I've put in what seems to be necessary to fix
the current column of the current alignment.
Try to go on, since this might almost work.

! Extra }, or forgotten $.
<inserted text> }
                 
l.22 ...phics[scale=0.8]{Fig/eth_logo_black.eps} &
                                                   % dein_unilogo.jpg/.eps i...
I've deleted a group-closing symbol because it seems to be
spurious, as in `$x}$'. But perhaps the } is legitimate and
you forgot something else, as in `\hbox{$x}'. In such cases
the way to recover is to insert both the forgotten and the
deleted material, e.g., by typing `I$}'.

! Missing } inserted.
<inserted text> 
                }
l.22 ...phics[scale=0.8]{Fig/eth_logo_black.eps} &
                                                   % dein_unilogo.jpg/.eps i...
I've put in what seems to be necessary to fix
the current column of the current alignment.
Try to go on, since this might almost work.

! Extra }, or forgotten $.
<inserted text> }
                 
l.22 ...phics[scale=0.8]{Fig/eth_logo_black.eps} &
                                                   % dein_unilogo.jpg/.eps i...
I've deleted a group-closing symbol because it seems to be
spurious, as in `$x}$'. But perhaps the } is legitimate and
you forgot something else, as in `\hbox{$x}'. In such cases
the way to recover is to insert both the forgotten and the
deleted material, e.g., by typing `I$}'.

! Missing } inserted.
<inserted text> 
                }
l.22 ...phics[scale=0.8]{Fig/eth_logo_black.eps} &
                                                   % dein_unilogo.jpg/.eps i...
I've put in what seems to be necessary to fix
the current column of the current alignment.
Try to go on, since this might almost work.

! Extra }, or forgotten $.
<inserted text> }
                 
l.22 ...phics[scale=0.8]{Fig/eth_logo_black.eps} &
                                                   % dein_unilogo.jpg/.eps i...
I've deleted a group-closing symbol because it seems to be
spurious, as in `$x}$'. But perhaps the } is legitimate and
you forgot something else, as in `\hbox{$x}'. In such cases
the way to recover is to insert both the forgotten and the
deleted material, e.g., by typing `I$}'.

! Missing } inserted.
<inserted text> 
                }
l.22 ...phics[scale=0.8]{Fig/eth_logo_black.eps} &
                                                   % dein_unilogo.jpg/.eps i...
I've put in what seems to be necessary to fix
the current column of the current alignment.
Try to go on, since this might almost work.

! Extra }, or forgotten $.
<inserted text> }
                 
l.22 ...phics[scale=0.8]{Fig/eth_logo_black.eps} &
                                                   % dein_unilogo.jpg/.eps i...
I've deleted a group-closing symbol because it seems to be
spurious, as in `$x}$'. But perhaps the } is legitimate and
you forgot something else, as in `\hbox{$x}'. In such cases
the way to recover is to insert both the forgotten and the
deleted material, e.g., by typing `I$}'.

! Missing } inserted.
<inserted text> 
                }
l.22 ...phics[scale=0.8]{Fig/eth_logo_black.eps} &
                                                   % dein_unilogo.jpg/.eps i...
I've put in what seems to be necessary to fix
the current column of the current alignment.
Try to go on, since this might almost work.

! Extra }, or forgotten $.
<inserted text> }
                 
l.22 ...phics[scale=0.8]{Fig/eth_logo_black.eps} &
                                                   % dein_unilogo.jpg/.eps i...
I've deleted a group-closing symbol because it seems to be
spurious, as in `$x}$'. But perhaps the } is legitimate and
you forgot something else, as in `\hbox{$x}'. In such cases
the way to recover is to insert both the forgotten and the
deleted material, e.g., by typing `I$}'.

! Missing } inserted.
<inserted text> 
                }
l.22 ...phics[scale=0.8]{Fig/eth_logo_black.eps} &
                                                   % dein_unilogo.jpg/.eps i...
I've put in what seems to be necessary to fix
the current column of the current alignment.
Try to go on, since this might almost work.

! Extra }, or forgotten $.
<inserted text> }
                 
l.22 ...phics[scale=0.8]{Fig/eth_logo_black.eps} &
                                                   % dein_unilogo.jpg/.eps i...
I've deleted a group-closing symbol because it seems to be
spurious, as in `$x}$'. But perhaps the } is legitimate and
you forgot something else, as in `\hbox{$x}'. In such cases
the way to recover is to insert both the forgotten and the
deleted material, e.g., by typing `I$}'.

! Missing } inserted.
<inserted text> 
                }
l.22 ...phics[scale=0.8]{Fig/eth_logo_black.eps} &
                                                   % dein_unilogo.jpg/.eps i...
I've put in what seems to be necessary to fix
the current column of the current alignment.
Try to go on, since this might almost work.

! Extra }, or forgotten $.
<inserted text> }
                 
l.22 ...phics[scale=0.8]{Fig/eth_logo_black.eps} &
                                                   % dein_unilogo.jpg/.eps i...
I've deleted a group-closing symbol because it seems to be
spurious, as in `$x}$'. But perhaps the } is legitimate and
you forgot something else, as in `\hbox{$x}'. In such cases
the way to recover is to insert both the forgotten and the
deleted material, e.g., by typing `I$}'.

! Missing } inserted.
<inserted text> 
                }
l.22 ...phics[scale=0.8]{Fig/eth_logo_black.eps} &
                                                   % dein_unilogo.jpg/.eps i...
I've put in what seems to be necessary to fix
the current column of the current alignment.
Try to go on, since this might almost work.

! Extra }, or forgotten $.
<inserted text> }
                 
l.22 ...phics[scale=0.8]{Fig/eth_logo_black.eps} &
                                                   % dein_unilogo.jpg/.eps i...
I've deleted a group-closing symbol because it seems to be
spurious, as in `$x}$'. But perhaps the } is legitimate and
you forgot something else, as in `\hbox{$x}'. In such cases
the way to recover is to insert both the forgotten and the
deleted material, e.g., by typing `I$}'.

! Missing } inserted.
<inserted text> 
                }
l.22 ...phics[scale=0.8]{Fig/eth_logo_black.eps} &
                                                   % dein_unilogo.jpg/.eps i...
I've put in what seems to be necessary to fix
the current column of the current alignment.
Try to go on, since this might almost work.

! Extra }, or forgotten $.
<inserted text> }
                 
l.22 ...phics[scale=0.8]{Fig/eth_logo_black.eps} &
                                                   % dein_unilogo.jpg/.eps i...
I've deleted a group-closing symbol because it seems to be
spurious, as in `$x}$'. But perhaps the } is legitimate and
you forgot something else, as in `\hbox{$x}'. In such cases
the way to recover is to insert both the forgotten and the
deleted material, e.g., by typing `I$}'.

! Missing } inserted.
<inserted text> 
                }
l.22 ...phics[scale=0.8]{Fig/eth_logo_black.eps} &
                                                   % dein_unilogo.jpg/.eps i...
I've put in what seems to be necessary to fix
the current column of the current alignment.
Try to go on, since this might almost work.

! Extra }, or forgotten $.
<inserted text> }
                 
l.22 ...phics[scale=0.8]{Fig/eth_logo_black.eps} &
                                                   % dein_unilogo.jpg/.eps i...
I've deleted a group-closing symbol because it seems to be
spurious, as in `$x}$'. But perhaps the } is legitimate and
you forgot something else, as in `\hbox{$x}'. In such cases
the way to recover is to insert both the forgotten and the
deleted material, e.g., by typing `I$}'.

! Missing } inserted.
<inserted text> 
                }
l.22 ...phics[scale=0.8]{Fig/eth_logo_black.eps} &
                                                   % dein_unilogo.jpg/.eps i...
I've put in what seems to be necessary to fix
the current column of the current alignment.
Try to go on, since this might almost work.

! Extra }, or forgotten $.
<inserted text> }
                 
l.22 ...phics[scale=0.8]{Fig/eth_logo_black.eps} &
                                                   % dein_unilogo.jpg/.eps i...
I've deleted a group-closing symbol because it seems to be
spurious, as in `$x}$'. But perhaps the } is legitimate and
you forgot something else, as in `\hbox{$x}'. In such cases
the way to recover is to insert both the forgotten and the
deleted material, e.g., by typing `I$}'.

! Missing } inserted.
<inserted text> 
                }
l.22 ...phics[scale=0.8]{Fig/eth_logo_black.eps} &
                                                   % dein_unilogo.jpg/.eps i...
I've put in what seems to be necessary to fix
the current column of the current alignment.
Try to go on, since this might almost work.

! Extra }, or forgotten $.
<inserted text> }
                 
l.22 ...phics[scale=0.8]{Fig/eth_logo_black.eps} &
                                                   % dein_unilogo.jpg/.eps i...
I've deleted a group-closing symbol because it seems to be
spurious, as in `$x}$'. But perhaps the } is legitimate and
you forgot something else, as in `\hbox{$x}'. In such cases
the way to recover is to insert both the forgotten and the
deleted material, e.g., by typing `I$}'.

! Missing } inserted.
<inserted text> 
                }
l.22 ...phics[scale=0.8]{Fig/eth_logo_black.eps} &
                                                   % dein_unilogo.jpg/.eps i...
I've put in what seems to be necessary to fix
the current column of the current alignment.
Try to go on, since this might almost work.

! Extra }, or forgotten $.
<inserted text> }
                 
l.22 ...phics[scale=0.8]{Fig/eth_logo_black.eps} &
                                                   % dein_unilogo.jpg/.eps i...
I've deleted a group-closing symbol because it seems to be
spurious, as in `$x}$'. But perhaps the } is legitimate and
you forgot something else, as in `\hbox{$x}'. In such cases
the way to recover is to insert both the forgotten and the
deleted material, e.g., by typing `I$}'.

! Missing } inserted.
<inserted text> 
                }
l.22 ...phics[scale=0.8]{Fig/eth_logo_black.eps} &
                                                   % dein_unilogo.jpg/.eps i...
I've put in what seems to be necessary to fix
the current column of the current alignment.
Try to go on, since this might almost work.

! Extra }, or forgotten $.
<inserted text> }
                 
l.22 ...phics[scale=0.8]{Fig/eth_logo_black.eps} &
                                                   % dein_unilogo.jpg/.eps i...
I've deleted a group-closing symbol because it seems to be
spurious, as in `$x}$'. But perhaps the } is legitimate and
you forgot something else, as in `\hbox{$x}'. In such cases
the way to recover is to insert both the forgotten and the
deleted material, e.g., by typing `I$}'.

! Missing } inserted.
<inserted text> 
                }
l.22 ...phics[scale=0.8]{Fig/eth_logo_black.eps} &
                                                   % dein_unilogo.jpg/.eps i...
I've put in what seems to be necessary to fix
the current column of the current alignment.
Try to go on, since this might almost work.

! Extra }, or forgotten $.
<inserted text> }
                 
l.22 ...phics[scale=0.8]{Fig/eth_logo_black.eps} &
                                                   % dein_unilogo.jpg/.eps i...
I've deleted a group-closing symbol because it seems to be
spurious, as in `$x}$'. But perhaps the } is legitimate and
you forgot something else, as in `\hbox{$x}'. In such cases
the way to recover is to insert both the forgotten and the
deleted material, e.g., by typing `I$}'.

! Missing } inserted.
<inserted text> 
                }
l.22 ...phics[scale=0.8]{Fig/eth_logo_black.eps} &
                                                   % dein_unilogo.jpg/.eps i...
I've put in what seems to be necessary to fix
the current column of the current alignment.
Try to go on, since this might almost work.

! Extra }, or forgotten $.
<inserted text> }
                 
l.22 ...phics[scale=0.8]{Fig/eth_logo_black.eps} &
                                                   % dein_unilogo.jpg/.eps i...
I've deleted a group-closing symbol because it seems to be
spurious, as in `$x}$'. But perhaps the } is legitimate and
you forgot something else, as in `\hbox{$x}'. In such cases
the way to recover is to insert both the forgotten and the
deleted material, e.g., by typing `I$}'.

! Missing } inserted.
<inserted text> 
                }
l.22 ...phics[scale=0.8]{Fig/eth_logo_black.eps} &
                                                   % dein_unilogo.jpg/.eps i...
I've put in what seems to be necessary to fix
the current column of the current alignment.
Try to go on, since this might almost work.

! Extra }, or forgotten $.
<inserted text> }
                 
l.22 ...phics[scale=0.8]{Fig/eth_logo_black.eps} &
                                                   % dein_unilogo.jpg/.eps i...
I've deleted a group-closing symbol because it seems to be
spurious, as in `$x}$'. But perhaps the } is legitimate and
you forgot something else, as in `\hbox{$x}'. In such cases
the way to recover is to insert both the forgotten and the
deleted material, e.g., by typing `I$}'.

! Missing } inserted.
<inserted text> 
                }
l.22 ...phics[scale=0.8]{Fig/eth_logo_black.eps} &
                                                   % dein_unilogo.jpg/.eps i...
I've put in what seems to be necessary to fix
the current column of the current alignment.
Try to go on, since this might almost work.

! Extra }, or forgotten $.
<inserted text> }
                 
l.22 ...phics[scale=0.8]{Fig/eth_logo_black.eps} &
                                                   % dein_unilogo.jpg/.eps i...
I've deleted a group-closing symbol because it seems to be
spurious, as in `$x}$'. But perhaps the } is legitimate and
you forgot something else, as in `\hbox{$x}'. In such cases
the way to recover is to insert both the forgotten and the
deleted material, e.g., by typing `I$}'.

! Missing } inserted.
<inserted text> 
                }
l.22 ...phics[scale=0.8]{Fig/eth_logo_black.eps} &
                                                   % dein_unilogo.jpg/.eps i...
I've put in what seems to be necessary to fix
the current column of the current alignment.
Try to go on, since this might almost work.

! Extra }, or forgotten $.
<inserted text> }
                 
l.22 ...phics[scale=0.8]{Fig/eth_logo_black.eps} &
                                                   % dein_unilogo.jpg/.eps i...
I've deleted a group-closing symbol because it seems to be
spurious, as in `$x}$'. But perhaps the } is legitimate and
you forgot something else, as in `\hbox{$x}'. In such cases
the way to recover is to insert both the forgotten and the
deleted material, e.g., by typing `I$}'.

! Missing } inserted.
<inserted text> 
                }
l.22 ...phics[scale=0.8]{Fig/eth_logo_black.eps} &
                                                   % dein_unilogo.jpg/.eps i...
I've put in what seems to be necessary to fix
the current column of the current alignment.
Try to go on, since this might almost work.

! Extra }, or forgotten $.
<inserted text> }
                 
l.22 ...phics[scale=0.8]{Fig/eth_logo_black.eps} &
                                                   % dein_unilogo.jpg/.eps i...
I've deleted a group-closing symbol because it seems to be
spurious, as in `$x}$'. But perhaps the } is legitimate and
you forgot something else, as in `\hbox{$x}'. In such cases
the way to recover is to insert both the forgotten and the
deleted material, e.g., by typing `I$}'.

! Missing } inserted.
<inserted text> 
                }
l.22 ...phics[scale=0.8]{Fig/eth_logo_black.eps} &
                                                   % dein_unilogo.jpg/.eps i...
I've put in what seems to be necessary to fix
the current column of the current alignment.
Try to go on, since this might almost work.

! Extra }, or forgotten $.
<inserted text> }
                 
l.22 ...phics[scale=0.8]{Fig/eth_logo_black.eps} &
                                                   % dein_unilogo.jpg/.eps i...
I've deleted a group-closing symbol because it seems to be
spurious, as in `$x}$'. But perhaps the } is legitimate and
you forgot something else, as in `\hbox{$x}'. In such cases
the way to recover is to insert both the forgotten and the
deleted material, e.g., by typing `I$}'.

! Missing } inserted.
<inserted text> 
                }
l.22 ...phics[scale=0.8]{Fig/eth_logo_black.eps} &
                                                   % dein_unilogo.jpg/.eps i...
I've put in what seems to be necessary to fix
the current column of the current alignment.
Try to go on, since this might almost work.

! Extra }, or forgotten $.
<inserted text> }
                 
l.22 ...phics[scale=0.8]{Fig/eth_logo_black.eps} &
                                                   % dein_unilogo.jpg/.eps i...
I've deleted a group-closing symbol because it seems to be
spurious, as in `$x}$'. But perhaps the } is legitimate and
you forgot something else, as in `\hbox{$x}'. In such cases
the way to recover is to insert both the forgotten and the
deleted material, e.g., by typing `I$}'.

! Missing } inserted.
<inserted text> 
                }
l.22 ...phics[scale=0.8]{Fig/eth_logo_black.eps} &
                                                   % dein_unilogo.jpg/.eps i...
I've put in what seems to be necessary to fix
the current column of the current alignment.
Try to go on, since this might almost work.

! Extra }, or forgotten $.
<inserted text> }
                 
l.22 ...phics[scale=0.8]{Fig/eth_logo_black.eps} &
                                                   % dein_unilogo.jpg/.eps i...
I've deleted a group-closing symbol because it seems to be
spurious, as in `$x}$'. But perhaps the } is legitimate and
you forgot something else, as in `\hbox{$x}'. In such cases
the way to recover is to insert both the forgotten and the
deleted material, e.g., by typing `I$}'.

! Missing } inserted.
<inserted text> 
                }
l.22 ...phics[scale=0.8]{Fig/eth_logo_black.eps} &
                                                   % dein_unilogo.jpg/.eps i...
I've put in what seems to be necessary to fix
the current column of the current alignment.
Try to go on, since this might almost work.

! Extra }, or forgotten $.
<inserted text> }
                 
l.22 ...phics[scale=0.8]{Fig/eth_logo_black.eps} &
                                                   % dein_unilogo.jpg/.eps i...
I've deleted a group-closing symbol because it seems to be
spurious, as in `$x}$'. But perhaps the } is legitimate and
you forgot something else, as in `\hbox{$x}'. In such cases
the way to recover is to insert both the forgotten and the
deleted material, e.g., by typing `I$}'.

! Missing } inserted.
<inserted text> 
                }
l.22 ...phics[scale=0.8]{Fig/eth_logo_black.eps} &
                                                   % dein_unilogo.jpg/.eps i...
I've put in what seems to be necessary to fix
the current column of the current alignment.
Try to go on, since this might almost work.

! Extra }, or forgotten $.
<inserted text> }
                 
l.22 ...phics[scale=0.8]{Fig/eth_logo_black.eps} &
                                                   % dein_unilogo.jpg/.eps i...
I've deleted a group-closing symbol because it seems to be
spurious, as in `$x}$'. But perhaps the } is legitimate and
you forgot something else, as in `\hbox{$x}'. In such cases
the way to recover is to insert both the forgotten and the
deleted material, e.g., by typing `I$}'.

! Missing } inserted.
<inserted text> 
                }
l.22 ...phics[scale=0.8]{Fig/eth_logo_black.eps} &
                                                   % dein_unilogo.jpg/.eps i...
I've put in what seems to be necessary to fix
the current column of the current alignment.
Try to go on, since this might almost work.

! Extra }, or forgotten $.
<inserted text> }
                 
l.22 ...phics[scale=0.8]{Fig/eth_logo_black.eps} &
                                                   % dein_unilogo.jpg/.eps i...
I've deleted a group-closing symbol because it seems to be
spurious, as in `$x}$'. But perhaps the } is legitimate and
you forgot something else, as in `\hbox{$x}'. In such cases
the way to recover is to insert both the forgotten and the
deleted material, e.g., by typing `I$}'.

! Missing } inserted.
<inserted text> 
                }
l.22 ...phics[scale=0.8]{Fig/eth_logo_black.eps} &
                                                   % dein_unilogo.jpg/.eps i...
I've put in what seems to be necessary to fix
the current column of the current alignment.
Try to go on, since this might almost work.

! Extra }, or forgotten $.
<inserted text> }
                 
l.22 ...phics[scale=0.8]{Fig/eth_logo_black.eps} &
                                                   % dein_unilogo.jpg/.eps i...
I've deleted a group-closing symbol because it seems to be
spurious, as in `$x}$'. But perhaps the } is legitimate and
you forgot something else, as in `\hbox{$x}'. In such cases
the way to recover is to insert both the forgotten and the
deleted material, e.g., by typing `I$}'.

! Missing } inserted.
<inserted text> 
                }
l.22 ...phics[scale=0.8]{Fig/eth_logo_black.eps} &
                                                   % dein_unilogo.jpg/.eps i...
I've put in what seems to be necessary to fix
the current column of the current alignment.
Try to go on, since this might almost work.

! Extra }, or forgotten $.
<inserted text> }
                 
l.22 ...phics[scale=0.8]{Fig/eth_logo_black.eps} &
                                                   % dein_unilogo.jpg/.eps i...
I've deleted a group-closing symbol because it seems to be
spurious, as in `$x}$'. But perhaps the } is legitimate and
you forgot something else, as in `\hbox{$x}'. In such cases
the way to recover is to insert both the forgotten and the
deleted material, e.g., by typing `I$}'.

! Missing } inserted.
<inserted text> 
                }
l.22 ...phics[scale=0.8]{Fig/eth_logo_black.eps} &
                                                   % dein_unilogo.jpg/.eps i...
I've put in what seems to be necessary to fix
the current column of the current alignment.
Try to go on, since this might almost work.

! Extra }, or forgotten $.
<inserted text> }
                 
l.22 ...phics[scale=0.8]{Fig/eth_logo_black.eps} &
                                                   % dein_unilogo.jpg/.eps i...
I've deleted a group-closing symbol because it seems to be
spurious, as in `$x}$'. But perhaps the } is legitimate and
you forgot something else, as in `\hbox{$x}'. In such cases
the way to recover is to insert both the forgotten and the
deleted material, e.g., by typing `I$}'.

! Missing } inserted.
<inserted text> 
                }
l.22 ...phics[scale=0.8]{Fig/eth_logo_black.eps} &
                                                   % dein_unilogo.jpg/.eps i...
I've put in what seems to be necessary to fix
the current column of the current alignment.
Try to go on, since this might almost work.

! Extra }, or forgotten $.
<inserted text> }
                 
l.22 ...phics[scale=0.8]{Fig/eth_logo_black.eps} &
                                                   % dein_unilogo.jpg/.eps i...
I've deleted a group-closing symbol because it seems to be
spurious, as in `$x}$'. But perhaps the } is legitimate and
you forgot something else, as in `\hbox{$x}'. In such cases
the way to recover is to insert both the forgotten and the
deleted material, e.g., by typing `I$}'.

! Missing } inserted.
<inserted text> 
                }
l.22 ...phics[scale=0.8]{Fig/eth_logo_black.eps} &
                                                   % dein_unilogo.jpg/.eps i...
I've put in what seems to be necessary to fix
the current column of the current alignment.
Try to go on, since this might almost work.

! Extra }, or forgotten $.
<inserted text> }
                 
l.22 ...phics[scale=0.8]{Fig/eth_logo_black.eps} &
                                                   % dein_unilogo.jpg/.eps i...
I've deleted a group-closing symbol because it seems to be
spurious, as in `$x}$'. But perhaps the } is legitimate and
you forgot something else, as in `\hbox{$x}'. In such cases
the way to recover is to insert both the forgotten and the
deleted material, e.g., by typing `I$}'.

! Missing } inserted.
<inserted text> 
                }
l.22 ...phics[scale=0.8]{Fig/eth_logo_black.eps} &
                                                   % dein_unilogo.jpg/.eps i...
I've put in what seems to be necessary to fix
the current column of the current alignment.
Try to go on, since this might almost work.

! Extra }, or forgotten $.
<inserted text> }
                 
l.22 ...phics[scale=0.8]{Fig/eth_logo_black.eps} &
                                                   % dein_unilogo.jpg/.eps i...
I've deleted a group-closing symbol because it seems to be
spurious, as in `$x}$'. But perhaps the } is legitimate and
you forgot something else, as in `\hbox{$x}'. In such cases
the way to recover is to insert both the forgotten and the
deleted material, e.g., by typing `I$}'.

! Missing } inserted.
<inserted text> 
                }
l.22 ...phics[scale=0.8]{Fig/eth_logo_black.eps} &
                                                   % dein_unilogo.jpg/.eps i...
I've put in what seems to be necessary to fix
the current column of the current alignment.
Try to go on, since this might almost work.

! Extra }, or forgotten $.
<inserted text> }
                 
l.22 ...phics[scale=0.8]{Fig/eth_logo_black.eps} &
                                                   % dein_unilogo.jpg/.eps i...
I've deleted a group-closing symbol because it seems to be
spurious, as in `$x}$'. But perhaps the } is legitimate and
you forgot something else, as in `\hbox{$x}'. In such cases
the way to recover is to insert both the forgotten and the
deleted material, e.g., by typing `I$}'.

! Missing } inserted.
<inserted text> 
                }
l.22 ...phics[scale=0.8]{Fig/eth_logo_black.eps} &
                                                   % dein_unilogo.jpg/.eps i...
I've put in what seems to be necessary to fix
the current column of the current alignment.
Try to go on, since this might almost work.

! Extra }, or forgotten $.
<inserted text> }
                 
l.22 ...phics[scale=0.8]{Fig/eth_logo_black.eps} &
                                                   % dein_unilogo.jpg/.eps i...
I've deleted a group-closing symbol because it seems to be
spurious, as in `$x}$'. But perhaps the } is legitimate and
you forgot something else, as in `\hbox{$x}'. In such cases
the way to recover is to insert both the forgotten and the
deleted material, e.g., by typing `I$}'.

! Missing } inserted.
<inserted text> 
                }
l.22 ...phics[scale=0.8]{Fig/eth_logo_black.eps} &
                                                   % dein_unilogo.jpg/.eps i...
I've put in what seems to be necessary to fix
the current column of the current alignment.
Try to go on, since this might almost work.

! Extra }, or forgotten $.
<inserted text> }
                 
l.22 ...phics[scale=0.8]{Fig/eth_logo_black.eps} &
                                                   % dein_unilogo.jpg/.eps i...
I've deleted a group-closing symbol because it seems to be
spurious, as in `$x}$'. But perhaps the } is legitimate and
you forgot something else, as in `\hbox{$x}'. In such cases
the way to recover is to insert both the forgotten and the
deleted material, e.g., by typing `I$}'.

! Missing } inserted.
<inserted text> 
                }
l.22 ...phics[scale=0.8]{Fig/eth_logo_black.eps} &
                                                   % dein_unilogo.jpg/.eps i...
I've put in what seems to be necessary to fix
the current column of the current alignment.
Try to go on, since this might almost work.

! Extra }, or forgotten $.
<inserted text> }
                 
l.22 ...phics[scale=0.8]{Fig/eth_logo_black.eps} &
                                                   % dein_unilogo.jpg/.eps i...
I've deleted a group-closing symbol because it seems to be
spurious, as in `$x}$'. But perhaps the } is legitimate and
you forgot something else, as in `\hbox{$x}'. In such cases
the way to recover is to insert both the forgotten and the
deleted material, e.g., by typing `I$}'.

! Missing } inserted.
<inserted text> 
                }
l.22 ...phics[scale=0.8]{Fig/eth_logo_black.eps} &
                                                   % dein_unilogo.jpg/.eps i...
I've put in what seems to be necessary to fix
the current column of the current alignment.
Try to go on, since this might almost work.

! Extra }, or forgotten $.
<inserted text> }
                 
l.22 ...phics[scale=0.8]{Fig/eth_logo_black.eps} &
                                                   % dein_unilogo.jpg/.eps i...
I've deleted a group-closing symbol because it seems to be
spurious, as in `$x}$'. But perhaps the } is legitimate and
you forgot something else, as in `\hbox{$x}'. In such cases
the way to recover is to insert both the forgotten and the
deleted material, e.g., by typing `I$}'.

! Missing } inserted.
<inserted text> 
                }
l.22 ...phics[scale=0.8]{Fig/eth_logo_black.eps} &
                                                   % dein_unilogo.jpg/.eps i...
I've put in what seems to be necessary to fix
the current column of the current alignment.
Try to go on, since this might almost work.

! Extra }, or forgotten $.
<inserted text> }
                 
l.22 ...phics[scale=0.8]{Fig/eth_logo_black.eps} &
                                                   % dein_unilogo.jpg/.eps i...
I've deleted a group-closing symbol because it seems to be
spurious, as in `$x}$'. But perhaps the } is legitimate and
you forgot something else, as in `\hbox{$x}'. In such cases
the way to recover is to insert both the forgotten and the
deleted material, e.g., by typing `I$}'.

! Missing } inserted.
<inserted text> 
                }
l.22 ...phics[scale=0.8]{Fig/eth_logo_black.eps} &
                                                   % dein_unilogo.jpg/.eps i...
I've put in what seems to be necessary to fix
the current column of the current alignment.
Try to go on, since this might almost work.

! Extra }, or forgotten $.
<inserted text> }
                 
l.22 ...phics[scale=0.8]{Fig/eth_logo_black.eps} &
                                                   % dein_unilogo.jpg/.eps i...
I've deleted a group-closing symbol because it seems to be
spurious, as in `$x}$'. But perhaps the } is legitimate and
you forgot something else, as in `\hbox{$x}'. In such cases
the way to recover is to insert both the forgotten and the
deleted material, e.g., by typing `I$}'.

! Missing } inserted.
<inserted text> 
                }
l.22 ...phics[scale=0.8]{Fig/eth_logo_black.eps} &
                                                   % dein_unilogo.jpg/.eps i...
I've put in what seems to be necessary to fix
the current column of the current alignment.
Try to go on, since this might almost work.

! Extra }, or forgotten $.
<inserted text> }
                 
l.22 ...phics[scale=0.8]{Fig/eth_logo_black.eps} &
                                                   % dein_unilogo.jpg/.eps i...
I've deleted a group-closing symbol because it seems to be
spurious, as in `$x}$'. But perhaps the } is legitimate and
you forgot something else, as in `\hbox{$x}'. In such cases
the way to recover is to insert both the forgotten and the
deleted material, e.g., by typing `I$}'.

! Missing } inserted.
<inserted text> 
                }
l.22 ...phics[scale=0.8]{Fig/eth_logo_black.eps} &
                                                   % dein_unilogo.jpg/.eps i...
I've put in what seems to be necessary to fix
the current column of the current alignment.
Try to go on, since this might almost work.

! Extra }, or forgotten $.
<inserted text> }
                 
l.22 ...phics[scale=0.8]{Fig/eth_logo_black.eps} &
                                                   % dein_unilogo.jpg/.eps i...
I've deleted a group-closing symbol because it seems to be
spurious, as in `$x}$'. But perhaps the } is legitimate and
you forgot something else, as in `\hbox{$x}'. In such cases
the way to recover is to insert both the forgotten and the
deleted material, e.g., by typing `I$}'.

! Missing } inserted.
<inserted text> 
                }
l.22 ...phics[scale=0.8]{Fig/eth_logo_black.eps} &
                                                   % dein_unilogo.jpg/.eps i...
I've put in what seems to be necessary to fix
the current column of the current alignment.
Try to go on, since this might almost work.

! Extra }, or forgotten $.
<inserted text> }
                 
l.22 ...phics[scale=0.8]{Fig/eth_logo_black.eps} &
                                                   % dein_unilogo.jpg/.eps i...
I've deleted a group-closing symbol because it seems to be
spurious, as in `$x}$'. But perhaps the } is legitimate and
you forgot something else, as in `\hbox{$x}'. In such cases
the way to recover is to insert both the forgotten and the
deleted material, e.g., by typing `I$}'.

! Missing } inserted.
<inserted text> 
                }
l.22 ...phics[scale=0.8]{Fig/eth_logo_black.eps} &
                                                   % dein_unilogo.jpg/.eps i...
I've put in what seems to be necessary to fix
the current column of the current alignment.
Try to go on, since this might almost work.

! Extra }, or forgotten $.
<inserted text> }
                 
l.22 ...phics[scale=0.8]{Fig/eth_logo_black.eps} &
                                                   % dein_unilogo.jpg/.eps i...
I've deleted a group-closing symbol because it seems to be
spurious, as in `$x}$'. But perhaps the } is legitimate and
you forgot something else, as in `\hbox{$x}'. In such cases
the way to recover is to insert both the forgotten and the
deleted material, e.g., by typing `I$}'.

! Missing } inserted.
<inserted text> 
                }
l.22 ...phics[scale=0.8]{Fig/eth_logo_black.eps} &
                                                   % dein_unilogo.jpg/.eps i...
I've put in what seems to be necessary to fix
the current column of the current alignment.
Try to go on, since this might almost work.

! Extra }, or forgotten $.
<inserted text> }
                 
l.22 ...phics[scale=0.8]{Fig/eth_logo_black.eps} &
                                                   % dein_unilogo.jpg/.eps i...
I've deleted a group-closing symbol because it seems to be
spurious, as in `$x}$'. But perhaps the } is legitimate and
you forgot something else, as in `\hbox{$x}'. In such cases
the way to recover is to insert both the forgotten and the
deleted material, e.g., by typing `I$}'.

! Missing } inserted.
<inserted text> 
                }
l.22 ...phics[scale=0.8]{Fig/eth_logo_black.eps} &
                                                   % dein_unilogo.jpg/.eps i...
I've put in what seems to be necessary to fix
the current column of the current alignment.
Try to go on, since this might almost work.

! Extra }, or forgotten $.
<inserted text> }
                 
l.22 ...phics[scale=0.8]{Fig/eth_logo_black.eps} &
                                                   % dein_unilogo.jpg/.eps i...
I've deleted a group-closing symbol because it seems to be
spurious, as in `$x}$'. But perhaps the } is legitimate and
you forgot something else, as in `\hbox{$x}'. In such cases
the way to recover is to insert both the forgotten and the
deleted material, e.g., by typing `I$}'.

! Missing } inserted.
<inserted text> 
                }
l.22 ...phics[scale=0.8]{Fig/eth_logo_black.eps} &
                                                   % dein_unilogo.jpg/.eps i...
I've put in what seems to be necessary to fix
the current column of the current alignment.
Try to go on, since this might almost work.

! Extra }, or forgotten $.
<inserted text> }
                 
l.22 ...phics[scale=0.8]{Fig/eth_logo_black.eps} &
                                                   % dein_unilogo.jpg/.eps i...
I've deleted a group-closing symbol because it seems to be
spurious, as in `$x}$'. But perhaps the } is legitimate and
you forgot something else, as in `\hbox{$x}'. In such cases
the way to recover is to insert both the forgotten and the
deleted material, e.g., by typing `I$}'.

! Missing } inserted.
<inserted text> 
                }
l.22 ...phics[scale=0.8]{Fig/eth_logo_black.eps} &
                                                   % dein_unilogo.jpg/.eps i...
I've put in what seems to be necessary to fix
the current column of the current alignment.
Try to go on, since this might almost work.

! Extra }, or forgotten $.
<inserted text> }
                 
l.22 ...phics[scale=0.8]{Fig/eth_logo_black.eps} &
                                                   % dein_unilogo.jpg/.eps i...
(That makes 100 errors; please try again.) 
Here is how much of TeX's memory you used:
 19 strings out of 494046
 441 string characters out of 3145982
 48890 words of memory out of 3000000
 3411 multiletter control sequences out of 15000+200000
 3640 words of font info for 14 fonts, out of 3000000 for 9000
 715 hyphenation exceptions out of 8191
 19i,7n,12p,128b,81s stack positions out of 5000i,500n,10000p,200000b,50000s

No pages of output.
